以下是cail_analyse的示例输出内容：

CAIL数据集：中文刑事案件数据集，源自中国裁判文书网http://wenshu.court.gov.cn/ 
虽然原文声称被告只有一个，但其实存在多被告场景

样本原文：{'fact': '茂名市电白区人民检察院指控：被告人何某某自1996年开始至今，在电白区某某镇某某街“某某粮油店”销售花生油，平均每月可卖出花生油50市斤至200市斤不等，经营至今约获利50000元。2014年11月25日，电白区食品药品监督管理局对位于电白区某某镇某某街的“某某粮油店”所销售的食用油进行抽检，经茂名市食品药品检验所在11月28日出具的检验报告显示，“某某粮油店”所销售的食用油黄曲霉毒素B1含量不合格。2014年12月2日，茂名市公安局电白分局治安出入境管理大队对电白区某某镇某某街“某某粮油店”进行查处，当场抓获何某某并查获涉嫌销售不合格的成品花生油账簿一本。公诉机关认为：被告人何某某违反国家规定，销售不符合安全标准的食品，足以造成严重食源性疾病，其行为触犯了《中华人民共和国刑法》××之规定，犯罪事实清楚，证据确实、充分，应当以销售不符合安全标准的食品罪追究其刑事责任。根据《中华人民共和国刑事诉讼法》××的规定，提请本院依法惩处。', 'meta': {'relevant_articles': [143], 'accusation': ['[生产、销售]不符合安全标准的食品'], 'punish_of_money': 10000, 'criminals': ['何某某'], 'term_of_imprisonment': {'death_penalty': False, 'imprisonment': 4, 'life_imprisonment': False}}}

样本内容解释：

事实描述文本：茂名市电白区人民检察院指控：被告人何某某自1996年开始至今，在电白区某某镇某某街“某某粮油店”销售花生油，平均每月可卖出花生油50市斤至200市斤不等，经营至今约获利50000元。2014年11月25日，电白区食品药品监督管理局对位于电白区某某镇某某街的“某某粮油店”所销售的食用油进行抽检，经茂名市食品药品检验所在11月28日出具的检验报告显示，“某某粮油店”所销售的食用油黄曲霉毒素B1含量不合格。2014年12月2日，茂名市公安局电白分局治安出入境管理大队对电白区某某镇某某街“某某粮油店”进行查处，当场抓获何某某并查获涉嫌销售不合格的成品花生油账簿一本。公诉机关认为：被告人何某某违反国家规定，销售不符合安全标准的食品，足以造成严重食源性疾病，其行为触犯了《中华人民共和国刑法》××之规定，犯罪事实清楚，证据确实、充分，应当以销售不符合安全标准的食品罪追究其刑事责任。根据《中华人民共和国刑事诉讼法》××的规定，提请本院依法惩处。
被告：['何某某']
罚款：10000
罪名：['[生产、销售]不符合安全标准的食品']
对应法条编号：143  刑法原文：
第一百四十三条　【生产、销售不符合安全标准的食品罪】生产、销售不符合食品安全标准的食品，足以造成严重食物中毒事故或者其他严重食源性疾病的，处三年以下有期徒刑或者拘役，并处罚金；对人体健康造成严重危害或者有其他严重情节的，处三年以上七年以下有期徒刑，并处罚金；后果特别严重的，处七年以上有期徒刑或者无期徒刑，并处罚金或者没收财产。

是否死刑：否
是否无期：否
有期徒刑刑期（单位：月）：4

whj_project2/data/cail2018/exercise_contest/data_train.json文件中包含的数据数为：154592
whj_project2/data/cail2018/exercise_contest/data_valid.json文件中包含的数据数为：17131
whj_project2/data/cail2018/exercise_contest/data_test.json文件中包含的数据数为：32508
whj_project2/data/cail2018/first_stage/train.json文件中包含的数据数为：1710856
whj_project2/data/cail2018/first_stage/test.json文件中包含的数据数为：217016
whj_project2/data/cail2018/final_test.json文件中包含的数据数为：35922
whj_project2/data/cail2018/restData/rest_data.json文件中包含的数据数为：748203
不去重样本总数：2916228
去重样本总数：2784403
100%|████████████████████████████████████████████████████████████████████████████████████████████████████| 2784403/2784403 [01:05<00:00, 42639.67it/s]
[98, 7605, 1118, 5878, 15996, 282, 442, 31477, 521, 78, 4937, 353, 15803, 15775, 81, 84, 87821, 9014, 169, 2434, 1141, 1145, 860, 755, 235, 88, 192, 220, 134, 8037, 337, 1960, 12245, 2294, 868, 211, 2745, 175, 3602, 12807, 1828, 10017, 101, 109, 346, 155, 771796, 3699, 85, 5305, 2082, 480, 23728, 118, 15039, 11626, 10347, 576931, 7498, 300003, 967, 456, 827, 1057, 152, 30788, 1127, 186, 6303, 4538, 405, 861, 12194, 41568, 46859, 68, 621, 774, 18311, 8767, 74, 514, 236, 12826, 668, 291, 594, 18799, 25207, 1061, 5478, 10620, 186, 335, 247, 1175, 45713, 276, 54, 104, 11766, 9571, 173, 1045, 9668, 93002, 204, 12795, 3292, 433, 2059, 38766, 1366, 140, 219, 304, 65, 10390, 495, 11481, 5066, 54, 650, 153, 111, 685, 120, 449, 914, 870, 24015, 5152, 1068, 1495, 372, 9724, 205763, 15445, 135, 2338, 66, 59, 212, 1885, 1040, 418, 384, 164, 9802, 9112, 5465, 782, 289, 135, 559, 3859, 13823, 5482, 149, 40500, 546, 287, 385, 188, 462, 81, 28042, 1760, 990, 6051, 3281, 56479, 732, 10236, 69, 2026, 15034, 273, 160, 8114, 2575, 31964, 5944]
[31494, 57888, 144, 141, 2316, 14329, 33062, 10454, 1885, 31281, 5905, 93415, 5592, 252400, 1680, 909, 13988, 192, 45277, 1096, 2653, 114, 8967, 268, 1043, 1751, 138, 124, 138, 60, 1070, 329, 89, 440, 764, 6574, 5655, 564, 8878, 10267, 248, 610, 1025, 6547, 853, 95, 456, 1102, 12672, 92, 11555, 282, 153, 71, 5410, 552, 77, 9712, 5451, 121, 722, 113, 7169, 63, 362, 9803, 54, 9678, 2811, 415, 7882, 889, 197226, 19865, 19275, 7881, 8027, 79, 54, 185, 979, 906, 1832, 2370, 458, 236, 10158, 25210, 391, 679, 216, 1251, 8661, 67, 90, 756, 66, 86227, 5817, 3830, 8706, 541, 624, 17653, 56, 201, 258, 5049, 6951, 160, 76, 292, 106, 688, 155, 1057, 2294, 10270, 268, 31637, 2070, 233, 5649, 267, 375, 571, 210, 1859, 67, 263, 104, 118, 283, 60, 2261, 8134, 95, 665, 4081, 19016, 15208, 3015, 1321, 369, 123, 23948, 3297, 1904, 461, 16066, 1050, 1500, 520712, 848, 987, 5575, 87, 1838, 367, 659, 1131, 914, 230, 182, 785, 519, 784, 140, 2907, 390, 3505, 71, 9019, 77, 78, 9731, 121, 3255, 536, 169, 389, 2729, 12334, 330, 47, 36513, 363, 14151, 488, 578629, 302547, 3823, 1253, 430, 5464, 151, 5507, 218, 326, 75, 13121, 15112]
1.0036916351548248
1.0467137838883236
1.0036916351548248