CAIL数据集：中文刑事案件数据集，源自中国裁判文书网http://wenshu.court.gov.cn/ 
虽然原文声称被告只有一个，但其实存在多被告场景

训练集样本数：1710856
测试集样本数：965219
训练集、测试集之间的交集样本数：0
样本原文：{'meta': {'accusation': ['诈骗'], 'term_of_imprisonment': {'imprisonment': 9, 'death_penalty': False, 'life_imprisonment': False}, 'relevant_articles': ['266'], 'criminals': ['孟某'], 'punish_of_money': 3000}, 'fact': '无锡市新吴区人民检察院指控：\r\n2016年4月至2017年7月间，被告人孟某在江苏省淮安市清河区小康城宾馆、无锡市新吴区春潮花园一区240-1号202室，在微信上冒充卖淫女，谎称能提供上门服务骗取被害人信任，以收取上门服务费、交通费为由实施诈骗作案十八起，骗得被害人张某1等人微信红包、转账共计人民币11675元。具体犯罪事实如下：\r\n1、2016年4月21日下午，被告人孟某在江苏省淮安市清河区小康城宾馆内，采用上述手法，骗取被害人张某1人民币600元。\r\n2、2016年4月22日傍晚，被告人孟某在江苏省淮安市清河区小康城宾馆内，采用上述手法，骗取被害人许某人民币800元。\r\n3、2016年6月12日傍晚，被告人孟某在江苏省淮安市清河区小康城宾馆内，采用上述手法，骗取被害人孙某1人民币500元。\r\n4、2016年6月25日晚上，被告人孟某在江苏省淮安市清河区小康城宾馆内，采用上述手法，骗取被害人梁某人民币530元。\r\n5、2016年7月9日中午，被告人孟某在江苏省淮安市清河区小康城宾馆内，采用上述手法，骗取被害人金某人民币800元。\r\n6、2016年8月30日晚上，被告人孟某在江苏省淮安市清河区小康城宾馆内，采用上述手法，骗取被害人孙某2人民币1000元。\r\n7、2016年8月31日傍晚，被告人孟某在江苏省淮安市清河区小康城宾馆内，采用上述手法，骗取被害人贺某人民币600元。\r\n8、2016年9月8日凌晨，被告人孟某江苏省淮安市清河区小康城宾馆内，采用上述手法，骗取被害人华某人民币400元。\r\n9、2016年10月29日晚上，被告人孟某在无锡市新吴区春潮花园一区240-1号202室，采用上述手法，骗取被害人任某人民币400元。\r\n10、2016年11月4日晚上，被告人孟某在江苏省淮安市清河区小康城宾馆内，采用上述手法，骗取被害人金某人民币425元。\r\n11、2017年1月10日傍晚，被告人孟某在江苏省淮安市清河区小康城宾馆内，采用上述手法，骗取被害人王某1人民币600元。\r\n12、2017年1月12日晚上，被告人孟某在江苏省淮安市清河区小康城宾馆内，采用上述手法，骗取被害人王某2人民币800元。\r\n13、2017年2月23日下午，被告人孟某在江苏省淮安市清河区小康城宾馆内，采用上述手法，骗取被害人乔某人民币400元。\r\n14、2017年3月13日下午，被告人孟某在江苏省淮安市清河区小康城宾馆内，采用上述手法，骗取被害人唐某人民币600元。\r\n15、2017年3月25日晚上，被告人孟某在江苏省淮安市清河区小康城宾馆内，采用上述手法，骗取被害人李某人民币850元。\r\n16、2017年4月7日晚上，被告人孟某在江苏省淮安市清河区小康城宾馆内，采用上述手法，骗取被害人周某人民币500元。\r\n17、2017年6月3日下午，被告人孟某在江苏省淮安市清河区小康城宾馆内，采用上述手法，骗取被害人张某2人民币700元。\r\n18、2017年7月21日晚上，被告人孟某在无锡市新吴区春潮花园一区240-1号201室，采用上述手法，骗取被害人王某3人民币1170元。\r\n2017年7月27日，被告人孟某在无锡市新吴区被公安机关抓获，后如实供述了上述罪行。案发后，被告人孟某家属代其退还全部赃款，并已发还被害人。\r\n公诉机关认为：被告人孟某的行为触犯了《中华人民共和国刑法》××的规定，应当以××追究其刑事责任。被告人孟某归案后，如实供述自己的罪行，根据《中华人民共和国刑法》××××的规定，可以从轻处罚。\r\n'}

样本内容解释：

事实描述文本：无锡市新吴区人民检察院指控：
2016年4月至2017年7月间，被告人孟某在江苏省淮安市清河区小康城宾馆、无锡市新吴区春潮花园一区240-1号202室，在微信上冒充卖淫女，谎称能提供上门服务骗取被害人信任，以收取上门服务费、交通费为由实施诈骗作案十八起，骗得被害人张某1等人微信红包、转账共计人民币11675元。具体犯罪事实如下：
1、2016年4月21日下午，被告人孟某在江苏省淮安市清河区小康城宾馆内，采用上述手法，骗取被害人张某1人民币600元。
2、2016年4月22日傍晚，被告人孟某在江苏省淮安市清河区小康城宾馆内，采用上述手法，骗取被害人许某人民币800元。
3、2016年6月12日傍晚，被告人孟某在江苏省淮安市清河区小康城宾馆内，采用上述手法，骗取被害人孙某1人民币500元。
4、2016年6月25日晚上，被告人孟某在江苏省淮安市清河区小康城宾馆内，采用上述手法，骗取被害人梁某人民币530元。
5、2016年7月9日中午，被告人孟某在江苏省淮安市清河区小康城宾馆内，采用上述手法，骗取被害人金某人民币800元。
6、2016年8月30日晚上，被告人孟某在江苏省淮安市清河区小康城宾馆内，采用上述手法，骗取被害人孙某2人民币1000元。
7、2016年8月31日傍晚，被告人孟某在江苏省淮安市清河区小康城宾馆内，采用上述手法，骗取被害人贺某人民币600元。
8、2016年9月8日凌晨，被告人孟某江苏省淮安市清河区小康城宾馆内，采用上述手法，骗取被害人华某人民币400元。
9、2016年10月29日晚上，被告人孟某在无锡市新吴区春潮花园一区240-1号202室，采用上述手法，骗取被害人任某人民币400元。
10、2016年11月4日晚上，被告人孟某在江苏省淮安市清河区小康城宾馆内，采用上述手法，骗取被害人金某人民币425元。
11、2017年1月10日傍晚，被告人孟某在江苏省淮安市清河区小康城宾馆内，采用上述手法，骗取被害人王某1人民币600元。
12、2017年1月12日晚上，被告人孟某在江苏省淮安市清河区小康城宾馆内，采用上述手法，骗取被害人王某2人民币800元。
13、2017年2月23日下午，被告人孟某在江苏省淮安市清河区小康城宾馆内，采用上述手法，骗取被害人乔某人民币400元。
14、2017年3月13日下午，被告人孟某在江苏省淮安市清河区小康城宾馆内，采用上述手法，骗取被害人唐某人民币600元。
15、2017年3月25日晚上，被告人孟某在江苏省淮安市清河区小康城宾馆内，采用上述手法，骗取被害人李某人民币850元。
16、2017年4月7日晚上，被告人孟某在江苏省淮安市清河区小康城宾馆内，采用上述手法，骗取被害人周某人民币500元。
17、2017年6月3日下午，被告人孟某在江苏省淮安市清河区小康城宾馆内，采用上述手法，骗取被害人张某2人民币700元。
18、2017年7月21日晚上，被告人孟某在无锡市新吴区春潮花园一区240-1号201室，采用上述手法，骗取被害人王某3人民币1170元。
2017年7月27日，被告人孟某在无锡市新吴区被公安机关抓获，后如实供述了上述罪行。案发后，被告人孟某家属代其退还全部赃款，并已发还被害人。
公诉机关认为：被告人孟某的行为触犯了《中华人民共和国刑法》××的规定，应当以××追究其刑事责任。被告人孟某归案后，如实供述自己的罪行，根据《中华人民共和国刑法》××××的规定，可以从轻处罚。

被告：['孟某']
罚款：3000
罪名：['诈骗']
对应法条编号：266  刑法原文：
第二百六十六条　【诈骗罪】诈骗公私财物，数额较大的，处三年以下有期徒刑、拘役或者管制，并处或者单处罚金；数额巨大或者有其他严重情节的，处三年以上十年以下有期徒刑，并处罚金；数额特别巨大或者有其他特别严重情节的，处十年以上有期徒刑或者无期徒刑，并处罚金或者没收财产。本法另有规定的，依照规定。

是否死刑：否
是否无期：否
有期徒刑刑期（单位：月）：9

100%|████████████████████████████████████████████████████████████████████████████████████████████████████| 2676075/2676075 [00:11<00:00, 236362.25it/s]
[60, 5142, 701, 3446, 12694, 175, 275, 30330, 311, 48, 2576, 204, 13038, 12584, 49, 49, 85578, 6539, 115, 1444, 689, 705, 440, 459, 142, 51, 117, 107, 80, 5703, 222, 1217, 10029, 1394, 541, 111, 1719, 95, 2191, 10513, 1117, 7753, 65, 63, 191, 93, 789632, 2225, 49, 2941, 1142, 264, 21877, 69, 12724, 9413, 7414, 585592, 5186, 304192, 585, 276, 487, 656, 91, 29656, 691, 102, 3616, 2172, 248, 487, 8640, 37794, 43436, 39, 364, 469, 16240, 6490, 40, 281, 142, 8218, 412, 175, 374, 16815, 21207, 564, 3109, 8091, 113, 206, 139, 705, 43445, 167, 33, 63, 7193, 6950, 103, 631, 7064, 93646, 127, 10684, 1950, 244, 1265, 30229, 797, 84, 135, 157, 39, 7562, 236, 8774, 2743, 34, 389, 96, 70, 418, 76, 261, 549, 527, 20267, 2906, 648, 930, 208, 7464, 193341, 9756, 85, 1462, 42, 35, 128, 1142, 632, 251, 225, 86, 7332, 5778, 3161, 464, 172, 66, 347, 2391, 11388, 3172, 88, 37201, 323, 171, 238, 113, 280, 50, 23833, 1086, 511, 3323, 2012, 53847, 448, 8056, 44, 1176, 12726, 166, 89, 5777, 1503, 29557, 3572]
[29643, 54856, 90, 86, 1414, 11295, 30946, 8087, 1157, 29972, 3546, 93934, 3235, 257817, 1041, 543, 11625, 113, 40587, 689, 1642, 69, 6615, 165, 646, 1082, 83, 74, 80, 37, 665, 199, 53, 273, 464, 3689, 3159, 336, 6637, 7619, 154, 371, 638, 4263, 525, 56, 276, 593, 10640, 60, 9393, 170, 96, 41, 3157, 354, 48, 7452, 3120, 76, 443, 67, 4895, 34, 221, 7473, 32, 7098, 1551, 259, 5699, 545, 194235, 18056, 17358, 5440, 5703, 46, 33, 108, 597, 543, 1146, 1502, 275, 142, 7948, 21363, 234, 422, 128, 760, 6112, 40, 55, 459, 42, 84361, 3452, 2008, 6421, 337, 376, 15947, 34, 121, 153, 2862, 4658, 107, 47, 175, 67, 426, 97, 641, 1376, 8081, 161, 30473, 1272, 138, 3355, 159, 232, 351, 127, 1159, 40, 153, 63, 75, 169, 35, 1263, 5824, 56, 409, 2211, 16947, 12820, 1881, 816, 226, 78, 22035, 2021, 1187, 281, 13413, 646, 937, 532759, 514, 535, 3264, 52, 1137, 225, 409, 688, 558, 142, 108, 482, 313, 493, 84, 1783, 239, 2133, 44, 6561, 45, 44, 7156, 72, 1988, 330, 113, 241, 1705, 10101, 219, 28, 35574, 233, 11587, 306, 586825, 306312, 2382, 717, 259, 3101, 91, 3210, 125, 200, 47, 10699, 12782]
1.0
1.0345692852405108
1.0