CAIL数据集：中文刑事案件数据集，源自中国裁判文书网http://wenshu.court.gov.cn/ 
虽然原文声称被告只有一个，但其实存在多被告场景

训练集样本数：154592
验证集样本数：17131
测试集样本数：32508
训练集、验证集、测试集之间的交集样本数：25
样本原文：{'fact': '永嘉县人民检察院指控，2012年11月17日下午2时许，被告人金某乙与被害人金某甲就位于永嘉县沙头镇码砗村内一地基权属问题产生纠纷。后被告人金某乙因金某甲将其砌在该地基上的石墙撬掉，而持铁管子将金某甲殴打致伤。经法医鉴定，被害人金碎某致多处软组织挫伤，左侧腓骨骨折，其损伤程度为轻伤。案发后，被告人金某乙于2012年11月23日主动到公安机关投案，并如实供述其罪行。', 'meta': {'relevant_articles': [234], 'accusation': ['串通投标', '故意伤害'], 'punish_of_money': 120000, 'criminals': ['金某乙'], 'term_of_imprisonment': {'death_penalty': False, 'imprisonment': 15, 'life_imprisonment': False}}}

样本内容解释：

事实描述文本：永嘉县人民检察院指控，2012年11月17日下午2时许，被告人金某乙与被害人金某甲就位于永嘉县沙头镇码砗村内一地基权属问题产生纠纷。后被告人金某乙因金某甲将其砌在该地基上的石墙撬掉，而持铁管子将金某甲殴打致伤。经法医鉴定，被害人金碎某致多处软组织挫伤，左侧腓骨骨折，其损伤程度为轻伤。案发后，被告人金某乙于2012年11月23日主动到公安机关投案，并如实供述其罪行。
被告：['金某乙']
罚款：120000
罪名：['串通投标', '故意伤害']
对应法条编号：234  刑法原文：
第二百三十四条　【故意伤害罪】故意伤害他人身体的，处三年以下有期徒刑、拘役或者管制。
　　犯前款罪，致人重伤的，处三年以上十年以下有期徒刑；致人死亡或者以特别残忍手段致人重伤造成严重残疾的，处十年以上有期徒刑、无期徒刑或者死刑。本法另有规定的，依照规定。

　　第二百三十四条之一　【组织出卖人体器官罪】组织他人出卖人体器官的，处五年以下有期徒刑，并处罚金；情节严重的，处五年以上有期徒刑，并处罚金或者没收财产。
　　未经本人同意摘取其器官，或者摘取不满十八周岁的人的器官，或者强迫、欺骗他人捐献器官的，依照本法第二百三十四条、第二百三十二条的规定定罪处罚。
　　违背本人生前意愿摘取其尸体器官，或者本人生前未表示同意，违反国家规定，违背其近亲属意愿摘取其尸体器官的，依照本法第三百零二条的规定定罪处罚。

是否死刑：否
是否无期：否
有期徒刑刑期（单位：月）：15

100%|██████████████████████████████████████████████████████████████████████████████████████████████████████| 204231/204231 [00:01<00:00, 190813.60it/s]
[42, 2674, 471, 2556, 3829, 121, 186, 2969, 214, 33, 2500, 164, 3156, 3392, 36, 36, 5016, 2531, 78, 1001, 469, 479, 434, 315, 99, 40, 78, 123, 54, 2508, 151, 829, 2568, 944, 364, 99, 1146, 89, 1473, 2593, 793, 2638, 46, 54, 162, 63, 6418, 1557, 35, 2500, 1111, 228, 2679, 51, 2735, 2575, 3101, 12371, 2579, 7676, 400, 188, 343, 438, 64, 2596, 471, 85, 2868, 2501, 167, 409, 3911, 5670, 4574, 28, 270, 327, 2936, 2641, 32, 247, 102, 4762, 276, 123, 266, 2589, 4624, 531, 2502, 2686, 79, 143, 106, 484, 3849, 121, 23, 42, 4936, 2816, 71, 436, 2658, 2915, 86, 2606, 1469, 195, 850, 9499, 585, 56, 95, 144, 26, 3117, 271, 3035, 2500, 23, 264, 64, 48, 284, 51, 197, 388, 362, 4347, 2563, 453, 631, 173, 2510, 20972, 6106, 60, 976, 29, 24, 86, 799, 424, 170, 173, 79, 2756, 3614, 2500, 334, 124, 66, 241, 1620, 2778, 2548, 60, 4794, 239, 124, 172, 76, 193, 34, 5369, 728, 498, 2935, 1349, 3805, 310, 2693, 30, 853, 2790, 111, 77, 2569, 1218, 3170, 2517]
[2610, 4240, 60, 58, 948, 3397, 2902, 2494, 782, 2796, 2496, 3049, 2556, 3227, 698, 372, 2863, 81, 6383, 461, 1096, 46, 2520, 115, 431, 721, 56, 51, 56, 26, 445, 141, 39, 186, 313, 3347, 2655, 234, 2512, 2818, 103, 255, 427, 2492, 356, 38, 188, 532, 2525, 40, 2511, 114, 64, 29, 2488, 240, 32, 2506, 2488, 52, 296, 46, 2467, 33, 148, 2623, 24, 2631, 1470, 174, 2512, 365, 11394, 2629, 2547, 2718, 2498, 31, 23, 75, 400, 362, 767, 1003, 193, 101, 2491, 4484, 160, 282, 94, 530, 2764, 27, 37, 306, 29, 4541, 2478, 1899, 2596, 224, 252, 2541, 23, 82, 102, 2494, 2489, 76, 32, 119, 45, 285, 65, 431, 919, 2707, 109, 2995, 851, 96, 2487, 106, 158, 234, 85, 781, 27, 121, 42, 50, 121, 25, 1037, 2547, 38, 276, 2017, 2674, 2588, 1254, 550, 150, 53, 2737, 1359, 792, 188, 3051, 432, 628, 3578, 350, 505, 2478, 35, 760, 151, 287, 460, 378, 95, 72, 325, 212, 340, 56, 1190, 159, 1430, 30, 2513, 32, 33, 2655, 49, 1325, 222, 79, 162, 1140, 2587, 147, 19, 2751, 155, 2925, 204, 12894, 8202, 1589, 604, 174, 2498, 62, 2491, 92, 140, 32, 2725, 2809]
1.0
1.203318790976884
1.0